<?xml version="1.0" encoding="UTF-8"?>
<!-- Generated by org.testng.reporters.JUnitXMLReporter -->
<testsuite ignored="0" hostname="DESKTOP-5BD9RGD" failures="0" tests="3" name="Surefire test" time="0.058" errors="0" timestamp="2023-11-07T13:57:19 IST">
  <testcase classname="devopsExternal.testcases.TestCases" name="case1" time="0.014"/>
  <testcase classname="devopsExternal.testcases.TestCases" name="case2" time="0.001"/>
  <testcase classname="devopsExternal.testcases.TestCases" name="case3" time="0.001"/>
</testsuite> <!-- Surefire test -->
